[1007/155208.376:ERROR:directory_reader_win.cc(43)] FindFirstFile: Системе не удается найти указанный путь. (0x3)
[1008/123347.806:ERROR:directory_reader_win.cc(43)] FindFirstFile: Системе не удается найти указанный путь. (0x3)
[1013/100056.916:ERROR:directory_reader_win.cc(43)] FindFirstFile: Системе не удается найти указанный путь. (0x3)
[1013/195811.765:ERROR:process_reader_win.cc(151)] SuspendThread: Отказано в доступе. (0x5)
[1013/195811.765:ERROR:process_reader_win.cc(151)] SuspendThread: Отказано в доступе. (0x5)
[1013/195811.765:ERROR:process_reader_win.cc(151)] SuspendThread: Отказано в доступе. (0x5)
[1013/195811.765:ERROR:process_reader_win.cc(151)] SuspendThread: Отказано в доступе. (0x5)
[1013/195811.765:ERROR:process_reader_win.cc(151)] SuspendThread: Отказано в доступе. (0x5)
[1013/195811.765:ERROR:process_reader_win.cc(151)] SuspendThread: Отказано в доступе. (0x5)
[1013/195811.765:ERROR:process_reader_win.cc(151)] SuspendThread: Отказано в доступе. (0x5)
[1013/195811.765:ERROR:process_reader_win.cc(151)] SuspendThread: Отказано в доступе. (0x5)
[1013/195811.765:ERROR:process_reader_win.cc(151)] SuspendThread: Отказано в доступе. (0x5)
[1013/195811.766:ERROR:process_reader_win.cc(151)] SuspendThread: Отказано в доступе. (0x5)
[1013/195811.766:ERROR:process_reader_win.cc(151)] SuspendThread: Отказано в доступе. (0x5)
[1013/195811.766:ERROR:process_reader_win.cc(151)] SuspendThread: Отказано в доступе. (0x5)
[1013/195811.766:ERROR:process_reader_win.cc(151)] SuspendThread: Отказано в доступе. (0x5)
[1013/195811.766:ERROR:process_reader_win.cc(123)] NtOpenThread: {Отказано в доступе} Процесс запросил доступ к объекту, но права на доступ не предоставлены. (0xc0000022)
[1013/195811.766:ERROR:process_reader_win.cc(123)] NtOpenThread: {Отказано в доступе} Процесс запросил доступ к объекту, но права на доступ не предоставлены. (0xc0000022)
[1013/195811.767:ERROR:exception_snapshot_win.cc(99)] thread ID 10948 not found in process
[1013/195811.767:ERROR:exception_snapshot_win.cc(99)] thread ID 288 not found in process
[1013/195811.767:ERROR:process_reader_win.cc(151)] SuspendThread: Отказано в доступе. (0x5)
[1013/195811.767:ERROR:process_reader_win.cc(151)] SuspendThread: Отказано в доступе. (0x5)
[1013/195811.767:ERROR:process_reader_win.cc(151)] SuspendThread: Отказано в доступе. (0x5)
[1013/195811.767:ERROR:process_reader_win.cc(151)] SuspendThread: Отказано в доступе. (0x5)
[1013/195811.768:ERROR:process_reader_win.cc(151)] SuspendThread: Отказано в доступе. (0x5)
[1013/195811.768:ERROR:process_reader_win.cc(151)] SuspendThread: Отказано в доступе. (0x5)
[1013/195811.768:ERROR:process_reader_win.cc(151)] SuspendThread: Отказано в доступе. (0x5)
[1013/195811.768:ERROR:process_reader_win.cc(151)] SuspendThread: Отказано в доступе. (0x5)
[1013/195811.768:ERROR:process_reader_win.cc(151)] SuspendThread: Отказано в доступе. (0x5)
[1013/195811.768:ERROR:process_reader_win.cc(151)] SuspendThread: Отказано в доступе. (0x5)
[1013/195811.768:ERROR:process_reader_win.cc(151)] SuspendThread: Отказано в доступе. (0x5)
[1013/195811.768:ERROR:process_reader_win.cc(151)] SuspendThread: Отказано в доступе. (0x5)
[1013/195811.768:ERROR:process_reader_win.cc(151)] SuspendThread: Отказано в доступе. (0x5)
[1013/195811.768:ERROR:process_reader_win.cc(123)] NtOpenThread: {Отказано в доступе} Процесс запросил доступ к объекту, но права на доступ не предоставлены. (0xc0000022)
[1013/195811.768:ERROR:process_reader_win.cc(123)] NtOpenThread: {Отказано в доступе} Процесс запросил доступ к объекту, но права на доступ не предоставлены. (0xc0000022)
[1013/195811.768:ERROR:exception_snapshot_win.cc(99)] thread ID 3680 not found in process
[1013/195811.768:ERROR:exception_snapshot_win.cc(99)] thread ID 3608 not found in process
[1013/195811.768:ERROR:process_reader_win.cc(151)] SuspendThread: Отказано в доступе. (0x5)
[1013/195811.768:ERROR:process_reader_win.cc(151)] SuspendThread: Отказано в доступе. (0x5)
[1013/195811.768:ERROR:process_reader_win.cc(151)] SuspendThread: Отказано в доступе. (0x5)
[1013/195811.768:ERROR:process_reader_win.cc(151)] SuspendThread: Отказано в доступе. (0x5)
[1013/195811.768:ERROR:process_reader_win.cc(151)] SuspendThread: Отказано в доступе. (0x5)
[1013/195811.768:ERROR:process_reader_win.cc(151)] SuspendThread: Отказано в доступе. (0x5)
[1013/195811.768:ERROR:process_reader_win.cc(151)] SuspendThread: Отказано в доступе. (0x5)
[1013/195811.769:ERROR:process_reader_win.cc(123)] NtOpenThread: {Отказано в доступе} Процесс запросил доступ к объекту, но права на доступ не предоставлены. (0xc0000022)
[1013/195811.769:ERROR:exception_snapshot_win.cc(99)] thread ID 6868 not found in process
[1013/195811.806:ERROR:process_info.cc(329)] VirtualQueryEx: Отказано в доступе. (0x5)
[1013/195811.807:ERROR:process_info.cc(556)] ReadMemoryInfo failed
[1013/195811.807:ERROR:process_memory_win.cc(39)] Failed to initialize ProcessInfo.
[1013/195811.807:ERROR:scoped_process_suspend.cc(40)] NtResumeProcess: Попытка доступа к процессу, выполняющему процедуру завершения. (0xc000010a)
